<?xml version="1.0" encoding="UTF-8"?>
<testng-results skipped="0" failed="0" total="1" passed="1">
  <reporter-output>
  </reporter-output>
  <suite name="tests.EmptyTest" duration-ms="15616" started-at="2016-01-18T16:23:43Z" finished-at="2016-01-18T16:23:58Z">
    <groups>
    </groups>
    <test name="Command line test" duration-ms="15616" started-at="2016-01-18T16:23:43Z" finished-at="2016-01-18T16:23:58Z">
      <class name="tests.EmptyTest">
        <test-method status="PASS" signature="Test()[pri:0, instance:tests.EmptyTest@764dabd7]" name="Test" duration-ms="15597" started-at="2016-01-18T19:23:43Z" finished-at="2016-01-18T19:23:58Z">
          <reporter-output>
          </reporter-output>
        </test-method> <!-- Test -->
      </class> <!-- tests.EmptyTest -->
    </test> <!-- Command line test -->
  </suite> <!-- tests.EmptyTest -->
</testng-results>
